Determining if the pthread_create exist failed with the following output:
Change Dir: /home/kentuen/Robot_Demonstrations/ros_ws/build/CMakeFiles/CMakeTmp

Run Build Command:"/usr/bin/make" "cmTC_0e3ce/fast"
/usr/bin/make -f CMakeFiles/cmTC_0e3ce.dir/build.make CMakeFiles/cmTC_0e3ce.dir/build
make[1]: Entering directory '/home/kentuen/Robot_Demonstrations/ros_ws/build/CMakeFiles/CMakeTmp'
Building C object CMakeFiles/cmTC_0e3ce.dir/CheckSymbolExists.c.o
/usr/bin/cc     -o CMakeFiles/cmTC_0e3ce.dir/CheckSymbolExists.c.o   -c /home/kentuen/Robot_Demonstrations/ros_ws/build/CMakeFiles/CMakeTmp/CheckSymbolExists.c
Linking C executable cmTC_0e3ce
/usr/bin/cmake -E cmake_link_script CMakeFiles/cmTC_0e3ce.dir/link.txt --verbose=1
/usr/bin/cc       CMakeFiles/cmTC_0e3ce.dir/CheckSymbolExists.c.o  -o cmTC_0e3ce -rdynamic 
CMakeFiles/cmTC_0e3ce.dir/CheckSymbolExists.c.o: In function `main':
CheckSymbolExists.c:(.text+0x16): undefined reference to `pthread_create'
collect2: error: ld returned 1 exit status
CMakeFiles/cmTC_0e3ce.dir/build.make:97: recipe for target 'cmTC_0e3ce' failed
make[1]: *** [cmTC_0e3ce] Error 1
make[1]: Leaving directory '/home/kentuen/Robot_Demonstrations/ros_ws/build/CMakeFiles/CMakeTmp'
Makefile:126: recipe for target 'cmTC_0e3ce/fast' failed
make: *** [cmTC_0e3ce/fast] Error 2

File /home/kentuen/Robot_Demonstrations/ros_ws/build/CMakeFiles/CMakeTmp/CheckSymbolExists.c:
/* */
#include <pthread.h>

int main(int argc, char** argv)
{
  (void)argv;
#ifndef pthread_create
  return ((int*)(&pthread_create))[argc];
#else
  (void)argc;
  return 0;
#endif
}

Determining if the function pthread_create exists in the pthreads failed with the following output:
Change Dir: /home/kentuen/Robot_Demonstrations/ros_ws/build/CMakeFiles/CMakeTmp

Run Build Command:"/usr/bin/make" "cmTC_78a3b/fast"
/usr/bin/make -f CMakeFiles/cmTC_78a3b.dir/build.make CMakeFiles/cmTC_78a3b.dir/build
make[1]: Entering directory '/home/kentuen/Robot_Demonstrations/ros_ws/build/CMakeFiles/CMakeTmp'
Building C object CMakeFiles/cmTC_78a3b.dir/CheckFunctionExists.c.o
/usr/bin/cc    -DCHECK_FUNCTION_EXISTS=pthread_create   -o CMakeFiles/cmTC_78a3b.dir/CheckFunctionExists.c.o   -c /usr/share/cmake-3.5/Modules/CheckFunctionExists.c
Linking C executable cmTC_78a3b
/usr/bin/cmake -E cmake_link_script CMakeFiles/cmTC_78a3b.dir/link.txt --verbose=1
/usr/bin/cc   -DCHECK_FUNCTION_EXISTS=pthread_create    CMakeFiles/cmTC_78a3b.dir/CheckFunctionExists.c.o  -o cmTC_78a3b -rdynamic -lpthreads 
/usr/bin/ld: cannot find -lpthreads
collect2: error: ld returned 1 exit status
CMakeFiles/cmTC_78a3b.dir/build.make:97: recipe for target 'cmTC_78a3b' failed
make[1]: *** [cmTC_78a3b] Error 1
make[1]: Leaving directory '/home/kentuen/Robot_Demonstrations/ros_ws/build/CMakeFiles/CMakeTmp'
Makefile:126: recipe for target 'cmTC_78a3b/fast' failed
make: *** [cmTC_78a3b/fast] Error 2


